<?xml version="1.0" encoding="UTF-8"?>
<!-- Generated by org.testng.reporters.JUnitReportReporter -->
<testsuite hostname="LAPTOP-IJAM56N5" failures="0" tests="2" name="ApplicationPages.HomePageTest" time="3.990" errors="0" timestamp="26 Jun 2021 16:00:21 GMT" skipped="0">
  <testcase classname="ApplicationPages.HomePageTest" name="ValidateWomenShoppingPageisDisplayed" time="3.690"/>
  <testcase classname="ApplicationPages.HomePageTest" name="ValidateTheHeaderOptions" time="0.300"/>
</testsuite> <!-- ApplicationPages.HomePageTest -->
