<?xml version="1.0" encoding="UTF-8"?>
<!-- Generated by org.testng.reporters.JUnitReportReporter -->
<testsuite hostname="LAPTOP-IJAM56N5" failures="0" tests="3" name="ApplicationPages.LoginPageTest" time="4.274" errors="0" timestamp="26 Jun 2021 16:00:21 GMT" skipped="0">
  <testcase classname="ApplicationPages.LoginPageTest" name="validateLogin" time="3.669"/>
  <testcase classname="ApplicationPages.LoginPageTest" name="validateLogo" time="0.565"/>
  <testcase classname="ApplicationPages.LoginPageTest" name="validateLoginPageTitle" time="0.040"/>
</testsuite> <!-- ApplicationPages.LoginPageTest -->
