<?xml version="1.0" encoding="UTF-8"?>
<!-- Generated by org.testng.reporters.JUnitReportReporter -->
<testsuite hostname="LAPTOP-IJAM56N5" failures="0" tests="2" name="ApplicationPages.setupdockerTest" time="30.085" errors="0" timestamp="26 Jun 2021 15:24:53 GMT" skipped="0">
  <testcase classname="ApplicationPages.setupdockerTest" name="StopDockerGrid" time="15.036"/>
  <testcase classname="ApplicationPages.setupdockerTest" name="StartDockerGridTest" time="15.049"/>
</testsuite> <!-- ApplicationPages.setupdockerTest -->
