<?xml version="1.0" encoding="UTF-8"?>
<!-- Generated by org.testng.reporters.JUnitReportReporter -->
<testsuite hostname="LAPTOP-IJAM56N5" failures="0" tests="1" name="ApplicationPages.LandingPageTest" time="1.871" errors="0" timestamp="26 Jun 2021 16:00:21 GMT" skipped="0">
  <testcase classname="ApplicationPages.LandingPageTest" name="ValidateClickSignIn" time="1.871"/>
</testsuite> <!-- ApplicationPages.LandingPageTest -->
